<?xml version="1.0" encoding="UTF-8"?>
<!-- Generated by org.testng.reporters.JUnitReportReporter -->
<testsuite hostname="wangsy-PC" name="com.edu.dotest.Testselenium" tests="3" failures="0" timestamp="4 Aug 2016 10:24:03 GMT" time="13.532" errors="0">
  <testcase name="test1" time="2.902" classname="com.edu.dotest.Testselenium"/>
  <testcase name="test1" time="8.283" classname="com.edu.dotest.Testselenium"/>
  <testcase name="test1" time="2.347" classname="com.edu.dotest.Testselenium"/>
</testsuite> <!-- com.edu.dotest.Testselenium -->
